<?xml version="1.0" encoding="UTF-8"?>
<testsuite xmlns:xsi="http://www.w3.org/2001/XMLSchema-instance" xsi:noNamespaceSchemaLocation="https://maven.apache.org/surefire/maven-surefire-plugin/xsd/surefire-test-report-3.0.xsd" version="3.0" name="com.parcial2.poo.DemoCrudApplicationTests" time="2.197" tests="1" errors="0" skipped="0" failures="0">
  <properties>
[...]
</properties>
  <testcase name="contextLoads" classname="com.parcial2.poo.DemoCrudApplicationTests" time="0.912">
    <system-out><![CDATA[23:03:30.267 [main] INFO org.springframework.test.context.support.AnnotationConfigContextLoaderUtils -- Could not detect default configuration classes for test class [com.parcial2.poo.DemoCrudApplicationTests]: DemoCrudApplicationTests does not declare any static, non-private, non-final, nested classes annotated with @Configuration.
23:03:30.363 [main] INFO org.springframework.boot.test.context.SpringBootTestContextBootstrapper -- Found @SpringBootConfiguration com.parcial2.poo.Parcial2POO for test class com.parcial2.poo.DemoCrudApplicationTests

  .   ____          _            __ _ _
 /\\ / ___'_ __ _ _(_)_ __  __ _ \ \ \ \
( ( )\___ | '_ | '_| | '_ \/ _` | \ \ \ \
 \\/  ___)| |_)| | | | | || (_| |  ) ) ) )
  '  |____| .__|_| |_|_| |_\__, | / / / /
 =========|_|==============|___/=/_/_/_/

 :: Spring Boot ::                (v3.3.1)

2024-09-26T23:03:30.720-03:00  INFO 34024 --- [demoCRUD] [           main] c.parcial2.poo.DemoCrudApplicationTests  : Starting DemoCrudApplicationTests using Java 20.0.2 with PID 34024 (started by Luis Buffoni in C:\Users\Luis Buffoni\Dropbox\Fasta\POO\Examenes\Parciales\2024_Parcial2_Club_ALUMNO)
2024-09-26T23:03:30.721-03:00  INFO 34024 --- [demoCRUD] [           main] c.parcial2.poo.DemoCrudApplicationTests  : No active profile set, falling back to 1 default profile: "default"
2024-09-26T23:03:31.387-03:00  INFO 34024 --- [demoCRUD] [           main] c.parcial2.poo.DemoCrudApplicationTests  : Started DemoCrudApplicationTests in 0.897 seconds (process running for 1.753)
]]></system-out>
  </testcase>
</testsuite>